-------------------------------------------------------------------------------
Test set: NewEmptyJUnitTest
-------------------------------------------------------------------------------
Tests run: 1, Failures: 1, Errors: 0, Skipped: 0, Time elapsed: 8.013 sec <<< FAILURE! - in NewEmptyJUnitTest
eightDifferentAssertions  Time elapsed: 8.013 sec  <<< FAILURE!
org.opentest4j.AssertionFailedError: message? ==> execution exceeded timeout of 5000 ms by 3005 ms
	at NewEmptyJUnitTest.eightDifferentAssertions(NewEmptyJUnitTest.java:36)

